Arguments: 
  /usr/local/bin/node /usr/local/Cellar/yarn/1.6.0/libexec/bin/yarn.js add react-slick -D

PATH: 
  /usr/local/php5/bin:/usr/local/bin:/usr/local/bin:/usr/bin:/bin:/usr/sbin:/sbin:/usr/local/git/bin:/usr/local/MacGPG2/bin:/opt/local/bin:/usr/local/bin:/usr/bin:/bin:/usr/sbin:/sbin:/usr/local/git/bin:/usr/local/MacGPG2/bin:/usr/local/php5/bin:/usr/local/bin:/usr/bin:/bin:/usr/sbin:/sbin:/usr/local/git/bin:/usr/local/MacGPG2/bin

Yarn version: 
  1.6.0

Node version: 
  8.11.1

Platform: 
  darwin x64

Trace: 
  Error: EACCES: permission denied, mkdir '/Users/jeffcicero/Code/Optometry/wp-content/themes/optometry/node_modules/adjust-sourcemap-loader/node_modules/camelcase'

npm manifest: 
  {
    "name": "suny-optometry-gulp-babel",
    "version": "1.0.0",
    "description": "SUNY Optometry theme modules / tasks",
    "scripts": {
      "start": "webpack-dev-server --open --config webpack.config.dev.js",
      "watch": "webpack --watch --progress --config webpack.config.dev.js",
      "build": "webpack -p --progress  --config webpack.config.production.js",
      "test": "babel-node ./js/custom/containers/Search/sagas.spec.js | tap-spec"
    },
    "private": true,
    "engines": {
      "node": ">=0.12.x"
    },
    "author": "Jeff Cicero <jeff.cicero@zone5.com>",
    "license": "ISC",
    "devDependencies": {
      "autoprefixer": "^6.7.6",
      "axios": "^0.16.1",
      "babel-cli": "^6.24.1",
      "babel-core": "^6.23.1",
      "babel-loader": "^7.1.1",
      "babel-plugin-syntax-async-functions": "^6.13.0",
      "babel-plugin-syntax-dynamic-import": "^6.18.0",
      "babel-plugin-transform-async-to-generator": "^6.24.1",
      "babel-plugin-transform-class-properties": "^6.24.1",
      "babel-plugin-transform-object-rest-spread": "^6.26.0",
      "babel-preset-env": "^1.6.0",
      "babel-preset-es2015": "^6.24.1",
      "babel-preset-es2016": "^6.24.1",
      "babel-preset-es2017": "^6.24.1",
      "babel-preset-react": "^6.24.1",
      "babel-preset-react-hmre": "^1.1.1",
      "babel-register": "^6.24.1",
      "bower": "^1.8.0",
      "browser-sync": "^2.18.8",
      "browser-sync-webpack-plugin": "^1.2.0",
      "clean-webpack-plugin": "^0.1.17",
      "colors": "^1.1.2",
      "connected-react-router": "^4.2.3",
      "copy-webpack-plugin": "^4.2.0",
      "css-loader": "^0.28.4",
      "cssnano": "^3.10.0",
      "eslint": "^4.3.0",
      "eslint-loader": "^2.0.0",
      "eslint-plugin-import": "^2.7.0",
      "eslint-plugin-react": "^7.1.0",
      "eslint-watch": "^3.1.2",
      "expect": "^1.20.2",
      "extract-text-webpack-plugin": "^3.0.0",
      "fetch-mock": "^6.3.0",
      "file-loader": "^0.11.2",
      "font-awesome": "^4.7.0",
      "fontfaceobserver": "^2.0.13",
      "handlebars": "^4.0.11",
      "handlebars-loader": "^1.6.0",
      "history": "^4.7.2",
      "imagemin-pngcrush": "^5.0.0",
      "imagemin-pngquant": "^5.0.0",
      "immutable": "^3.8.2",
      "jshint": "^2.9.4",
      "jshint-stylish": "^2.2.1",
      "lodash": "^4.17.4",
      "lodash.assign": "^4.2.0",
      "lost": "^8.0.0",
      "material-ui": "^1.0.0-beta.42",
      "node-sass": "^4.7.2",
      "npm-run-all": "^4.0.2",
      "nprogress": "^0.2.0",
      "plotly.js": "^1.24.2",
      "postcss": "^6.0.12",
      "postcss-loader": "^2.0.7",
      "pretty-hrtime": "^1.0.3",
      "prop-types": "^15.6.1",
      "query-string": "^5.1.0",
      "react": "^16.2.0",
      "react-dom": "^16.2.0",
      "react-hot-loader": "^4.0.0",
      "react-loadable": "^5.3.1",
      "react-placeholder": "^2.0.0",
      "react-redux": "^5.0.7",
      "react-router": "^4.2.0",
      "react-router-dom": "^4.2.2",
      "react-router-redux": "^5.0.0-alpha.6",
      "react-spinkit": "^3.0.0",
      "react-transition-group": "^1.2.1",
      "redux": "^3.7.2",
      "redux-devtools": "^3.4.1",
      "redux-devtools-dock-monitor": "^1.1.3",
      "redux-devtools-log-monitor": "^1.4.0",
      "redux-immutable": "^4.0.0",
      "redux-immutable-state-invariant": "^2.1.0",
      "redux-logger": "^3.0.6",
      "redux-mock-store": "^1.5.1",
      "redux-saga": "^0.16.0",
      "redux-saga-devtools": "^0.2.0",
      "redux-sagas-dynamic-injector": "^1.0.0",
      "redux-thunk": "^2.2.0",
      "reselect": "^3.0.1",
      "resolve-url-loader": "^2.1.1",
      "run-sequence": "^1.2.2",
      "sass-loader": "^6.0.7",
      "script-ext-html-webpack-plugin": "^1.8.8",
      "style-ext-html-webpack-plugin": "^3.4.7",
      "style-loader": "^0.20.3",
      "styled-components": "^3.2.1",
      "tap-spec": "^4.1.1",
      "tape": "^4.9.0",
      "url-loader": "^0.6.2",
      "watchify": "^3.9.0",
      "webpack": "^3.4.1",
      "webpack-dashboard": "^0.4.0",
      "webpack-dev-middleware": "^1.11.0",
      "webpack-dev-server": "^2.6.1",
      "webpack-hot-middleware": "^2.18.2",
      "webpack-merge": "^4.1.0"
    },
    "dependencies": {
      "babel-polyfill": "^6.23.0",
      "core-js": "^2.5.5",
      "prop-types": "^15.6.1",
      "raf": "^3.4.0",
      "react-helmet": "^5.2.0",
      "react-swipeable": "^4.2.1",
      "whatwg-fetch": "^2.0.3",
      "wordpress-query-page": "^1.1.0"
    }
  }

yarn manifest: 
  No manifest

Lockfile: 
  No lockfile
